<?xml version="1.0" encoding="UTF-8"?>
<!-- Generated by org.testng.reporters.JUnitReportReporter -->
<testsuite hostname="DRBSURYAKANTH" failures="0" tests="4" name="maven.orangehrm" time="9.179" errors="0" timestamp="2022-07-28T23:33:50 IST" skipped="3">
  <testcase classname="maven.orangehrm" name="f" time="9.179"/>
  <system-out/>
  <testcase classname="maven.orangehrm" name="f3">
    <skipped/>
  </testcase> <!-- f3 -->
  <system-out/>
  <testcase classname="maven.orangehrm" name="f2">
    <skipped/>
  </testcase> <!-- f2 -->
  <system-out/>
  <testcase classname="maven.orangehrm" name="f1">
    <skipped/>
  </testcase> <!-- f1 -->
  <system-out/>
</testsuite> <!-- maven.orangehrm -->
