<?xml version="1.0" encoding="UTF-8"?>
<!-- Generated by org.testng.reporters.JUnitReportReporter -->
<testsuite hostname="DRBSURYAKANTH" failures="0" tests="5" name="maven.facebook" time="0.275" errors="0" timestamp="2022-08-01T01:27:42 IST" skipped="4">
  <testcase classname="maven.facebook" name="actions" time="0.275"/>
  <system-out/>
  <testcase classname="maven.facebook" name="jank">
    <skipped/>
  </testcase> <!-- jank -->
  <system-out/>
  <testcase classname="maven.facebook" name="f">
    <skipped/>
  </testcase> <!-- f -->
  <system-out/>
  <testcase classname="maven.facebook" name="moolyaed">
    <skipped/>
  </testcase> <!-- moolyaed -->
  <system-out/>
  <testcase classname="maven.facebook" name="alertsyt">
    <skipped/>
  </testcase> <!-- alertsyt -->
  <system-out/>
</testsuite> <!-- maven.facebook -->
