<?xml version="1.0" encoding="UTF-8"?>
<!-- Generated by org.testng.reporters.JUnitReportReporter -->
<testsuite hostname="DRBSURYAKANTH" failures="0" tests="1" name="maven.wrokingwiithelements" time="16.319" errors="0" timestamp="2022-07-25T21:11:55 IST" skipped="0">
  <testcase classname="maven.wrokingwiithelements" name="testcase1" time="16.319"/>
  <system-out/>
</testsuite> <!-- maven.wrokingwiithelements -->
