<?xml version="1.0" encoding="UTF-8"?>
<!-- Generated by org.testng.reporters.JUnitReportReporter -->
<testsuite hostname="DRBSURYAKANTH" failures="0" tests="15" name="maven.orangehrm" time="24.169" errors="0" timestamp="2022-08-05T00:00:33 IST" skipped="14">
  <testcase classname="maven.orangehrm" name="casestudy1" time="24.169"/>
  <system-out/>
  <testcase classname="maven.orangehrm" name="f6">
    <skipped/>
  </testcase> <!-- f6 -->
  <system-out/>
  <testcase classname="maven.orangehrm" name="tc11">
    <skipped/>
  </testcase> <!-- tc11 -->
  <system-out/>
  <testcase classname="maven.orangehrm" name="cierra">
    <skipped/>
  </testcase> <!-- cierra -->
  <system-out/>
  <testcase classname="maven.orangehrm" name="test">
    <skipped/>
  </testcase> <!-- test -->
  <system-out/>
  <testcase classname="maven.orangehrm" name="gmap">
    <skipped/>
  </testcase> <!-- gmap -->
  <system-out/>
  <testcase classname="maven.orangehrm" name="f">
    <skipped/>
  </testcase> <!-- f -->
  <system-out/>
  <testcase classname="maven.orangehrm" name="buttons">
    <skipped/>
  </testcase> <!-- buttons -->
  <system-out/>
  <testcase classname="maven.orangehrm" name="casestudy">
    <skipped/>
  </testcase> <!-- casestudy -->
  <system-out/>
  <testcase classname="maven.orangehrm" name="f3">
    <skipped/>
  </testcase> <!-- f3 -->
  <system-out/>
  <testcase classname="maven.orangehrm" name="radio">
    <skipped/>
  </testcase> <!-- radio -->
  <system-out/>
  <testcase classname="maven.orangehrm" name="f5">
    <skipped/>
  </testcase> <!-- f5 -->
  <system-out/>
  <testcase classname="maven.orangehrm" name="f2">
    <skipped/>
  </testcase> <!-- f2 -->
  <system-out/>
  <testcase classname="maven.orangehrm" name="f4">
    <skipped/>
  </testcase> <!-- f4 -->
  <system-out/>
  <testcase classname="maven.orangehrm" name="f1">
    <skipped/>
  </testcase> <!-- f1 -->
  <system-out/>
</testsuite> <!-- maven.orangehrm -->
