<?xml version="1.0" encoding="UTF-8"?>
<!-- Generated by org.testng.reporters.JUnitReportReporter -->
<testsuite hostname="DRBSURYAKANTH" failures="0" tests="1" name="maven.elearniing" time="14.552" errors="0" timestamp="2022-08-02T15:20:36 IST" skipped="0">
  <testcase classname="maven.elearniing" name="f" time="14.552"/>
  <system-out/>
</testsuite> <!-- maven.elearniing -->
