<?xml version="1.0" encoding="UTF-8"?>
<!-- Generated by org.testng.reporters.JUnitReportReporter -->
<testsuite hostname="DRBSURYAKANTH" failures="0" tests="1" name="maven.Maven1" time="13.128" errors="0" timestamp="2022-07-21T16:20:59 IST" skipped="0">
  <testcase classname="maven.Maven1" name="f" time="13.128"/>
  <system-out/>
</testsuite> <!-- maven.Maven1 -->
